<?xml version="1.0" encoding="UTF-8"?>
<testng-results ignored="0" total="1" passed="1" failed="0" skipped="0">
  <reporter-output>
  </reporter-output>
  <suite started-at="2024-08-05T19:17:22 IST" name="Default suite" finished-at="2024-08-05T19:17:25 IST" duration-ms="2179">
    <groups>
    </groups>
    <test started-at="2024-08-05T19:17:22 IST" name="Default test" finished-at="2024-08-05T19:17:25 IST" duration-ms="2179">
      <class name="FirstTest">
        <test-method is-config="true" signature="setup()[pri:0, instance:FirstTest@4f2613d1]" started-at="2024-08-05T19:17:22 IST" name="setup" finished-at="2024-08-05T19:17:23 IST" duration-ms="919" status="PASS">
          <reporter-output>
          </reporter-output>
        </test-method> <!-- setup -->
        <test-method signature="Login()[pri:0, instance:FirstTest@4f2613d1]" started-at="2024-08-05T19:17:23 IST" name="Login" finished-at="2024-08-05T19:17:24 IST" duration-ms="799" status="PASS">
          <reporter-output>
          </reporter-output>
        </test-method> <!-- Login -->
        <test-method is-config="true" signature="tearDown()[pri:0, instance:FirstTest@4f2613d1]" started-at="2024-08-05T19:17:24 IST" name="tearDown" finished-at="2024-08-05T19:17:25 IST" duration-ms="325" status="PASS">
          <reporter-output>
          </reporter-output>
        </test-method> <!-- tearDown -->
      </class> <!-- FirstTest -->
    </test> <!-- Default test -->
  </suite> <!-- Default suite -->
</testng-results>
